current directory: /var/www/afrodrama.com/web/api/shared/bundle/ruby/2.7.0/gems/ed25519-1.2.4/ext/ed25519_ref10
/home/deploy/.rbenv/versions/2.7.2/bin/ruby -I /home/deploy/.rbenv/versions/2.7.2/lib/ruby/2.7.0 -r ./siteconf20210209-2899-10y6m18.rb extconf.rb
creating Makefile

current directory: /var/www/afrodrama.com/web/api/shared/bundle/ruby/2.7.0/gems/ed25519-1.2.4/ext/ed25519_ref10
make "DESTDIR=" clean

current directory: /var/www/afrodrama.com/web/api/shared/bundle/ruby/2.7.0/gems/ed25519-1.2.4/ext/ed25519_ref10
make "DESTDIR="
compiling ed25519_ref10.c
compiling fe.c
compiling ge.c
compiling keypair.c
compiling open.c
compiling sc_muladd.c
compiling sc_reduce.c
compiling sha512.c
compiling sign.c
compiling verify.c
linking shared-object ed25519_ref10.so

current directory: /var/www/afrodrama.com/web/api/shared/bundle/ruby/2.7.0/gems/ed25519-1.2.4/ext/ed25519_ref10
make "DESTDIR=" install
/usr/bin/install -c -m 0755 ed25519_ref10.so ./.gem.20210209-2899-1blue4y
