current directory: /var/www/afrodrama.com/web/api/shared/bundle/ruby/2.7.0/gems/bootsnap-1.5.1/ext/bootsnap
/root/.rbenv/versions/2.7.2/bin/ruby -I /root/.rbenv/versions/2.7.2/lib/ruby/2.7.0 -r ./siteconf20210205-926-m10hi7.rb extconf.rb
creating Makefile

current directory: /var/www/afrodrama.com/web/api/shared/bundle/ruby/2.7.0/gems/bootsnap-1.5.1/ext/bootsnap
make "DESTDIR=" clean

current directory: /var/www/afrodrama.com/web/api/shared/bundle/ruby/2.7.0/gems/bootsnap-1.5.1/ext/bootsnap
make "DESTDIR="
compiling bootsnap.c
bootsnap.c: In function ‘bs_cache_path’:
bootsnap.c:277:39: warning: format ‘%llx’ expects argument of type ‘long long unsigned int’, but argument 5 has type ‘uint64_t {aka long unsigned int}’ [-Wformat=]
   sprintf(*cache_path, "%s/%02x/%014llx", cachedir, first_byte, remainder);
                                 ~~~~~~^
                                 %014lx
bootsnap.c: At top level:
cc1: warning: unrecognized command line option ‘-Wno-self-assign’
cc1: warning: unrecognized command line option ‘-Wno-parentheses-equality’
cc1: warning: unrecognized command line option ‘-Wno-constant-logical-operand’
cc1: warning: unrecognized command line option ‘-Wno-cast-function-type’
linking shared-object bootsnap/bootsnap.so

current directory: /var/www/afrodrama.com/web/api/shared/bundle/ruby/2.7.0/gems/bootsnap-1.5.1/ext/bootsnap
make "DESTDIR=" install
/usr/bin/install -c -m 0755 bootsnap.so ./.gem.20210205-926-1qmxx2g/bootsnap
